TN:
SF:/Users/danielcostagallo/Documents/curso_node/seubarriga/knexfile.js
FNF:0
FNH:0
DA:1,1
LF:1
LH:1
BRF:0
BRH:0
end_of_record
TN:
SF:/Users/danielcostagallo/Documents/curso_node/seubarriga/src/app.js
FN:16,(anonymous_0)
FN:20,(anonymous_1)
FNF:2
FNH:1
FNDA:0,(anonymous_0)
FNDA:4,(anonymous_1)
DA:1,1
DA:2,1
DA:3,1
DA:4,1
DA:6,1
DA:8,1
DA:16,1
DA:17,0
DA:20,1
DA:21,4
DA:22,4
DA:23,0
DA:25,0
DA:26,0
DA:28,4
DA:37,1
LF:16
LH:12
BRDA:22,0,0,4
BRDA:22,0,1,0
BRDA:23,1,0,0
BRDA:23,1,1,0
BRF:4
BRH:1
end_of_record
TN:
SF:/Users/danielcostagallo/Documents/curso_node/seubarriga/src/config/middlewares.js
FN:4,(anonymous_0)
FNF:1
FNH:1
FNDA:1,(anonymous_0)
DA:1,1
DA:4,1
DA:5,1
LF:3
LH:3
BRF:0
BRH:0
end_of_record
TN:
SF:/Users/danielcostagallo/Documents/curso_node/seubarriga/src/config/passport.js
FN:8,(anonymous_0)
FN:14,(anonymous_1)
FN:16,(anonymous_2)
FN:19,(anonymous_3)
FN:24,(anonymous_4)
FNF:5
FNH:4
FNDA:1,(anonymous_0)
FNDA:7,(anonymous_1)
FNDA:7,(anonymous_2)
FNDA:0,(anonymous_3)
FNDA:1,(anonymous_4)
DA:1,1
DA:2,1
DA:4,1
DA:6,1
DA:8,1
DA:9,1
DA:14,1
DA:15,7
DA:17,7
DA:18,0
DA:19,0
DA:22,1
DA:24,1
LF:13
LH:11
BRDA:17,0,0,7
BRDA:17,0,1,0
BRF:2
BRH:1
end_of_record
TN:
SF:/Users/danielcostagallo/Documents/curso_node/seubarriga/src/config/router.js
FN:3,(anonymous_0)
FNF:1
FNH:1
FNDA:1,(anonymous_0)
DA:1,1
DA:3,1
DA:4,1
DA:5,1
DA:7,1
DA:8,1
DA:9,1
DA:10,1
DA:11,1
DA:13,1
LF:10
LH:10
BRF:0
BRH:0
end_of_record
TN:
SF:/Users/danielcostagallo/Documents/curso_node/seubarriga/src/errors/RecursoIndevidoError.js
FN:1,RecursoIndevidoError
FNF:1
FNH:0
FNDA:0,RecursoIndevidoError
DA:1,1
DA:2,0
DA:3,0
LF:3
LH:1
BRDA:1,0,0,0
BRF:1
BRH:0
end_of_record
TN:
SF:/Users/danielcostagallo/Documents/curso_node/seubarriga/src/errors/ValidationError.js
FN:1,ValidationError
FNF:1
FNH:1
FNDA:4,ValidationError
DA:1,1
DA:2,4
DA:3,4
LF:3
LH:3
BRF:0
BRH:0
end_of_record
TN:
SF:/Users/danielcostagallo/Documents/curso_node/seubarriga/src/routes/accounts.js
FN:5,(anonymous_0)
FN:8,(anonymous_1)
FN:10,(anonymous_2)
FN:13,(anonymous_3)
FN:16,(anonymous_4)
FN:18,(anonymous_5)
FN:20,(anonymous_6)
FN:23,(anonymous_7)
FN:25,(anonymous_8)
FN:26,(anonymous_9)
FN:29,(anonymous_10)
FN:31,(anonymous_11)
FN:32,(anonymous_12)
FN:35,(anonymous_13)
FN:37,(anonymous_14)
FN:38,(anonymous_15)
FN:41,(anonymous_16)
FN:43,(anonymous_17)
FN:44,(anonymous_18)
FNF:19
FNH:1
FNDA:1,(anonymous_0)
FNDA:0,(anonymous_1)
FNDA:0,(anonymous_2)
FNDA:0,(anonymous_3)
FNDA:0,(anonymous_4)
FNDA:0,(anonymous_5)
FNDA:0,(anonymous_6)
FNDA:0,(anonymous_7)
FNDA:0,(anonymous_8)
FNDA:0,(anonymous_9)
FNDA:0,(anonymous_10)
FNDA:0,(anonymous_11)
FNDA:0,(anonymous_12)
FNDA:0,(anonymous_13)
FNDA:0,(anonymous_14)
FNDA:0,(anonymous_15)
FNDA:0,(anonymous_16)
FNDA:0,(anonymous_17)
FNDA:0,(anonymous_18)
DA:1,1
DA:3,1
DA:5,1
DA:6,1
DA:8,1
DA:9,0
DA:11,0
DA:12,0
DA:13,0
DA:16,1
DA:17,0
DA:19,0
DA:20,0
DA:23,1
DA:24,0
DA:25,0
DA:26,0
DA:29,1
DA:30,0
DA:31,0
DA:32,0
DA:35,1
DA:36,0
DA:37,0
DA:38,0
DA:41,1
DA:42,0
DA:43,0
DA:44,0
DA:47,1
LF:30
LH:11
BRDA:11,0,0,0
BRDA:11,0,1,0
BRF:2
BRH:0
end_of_record
TN:
SF:/Users/danielcostagallo/Documents/curso_node/seubarriga/src/routes/auth.js
FN:8,(anonymous_0)
FN:11,(anonymous_1)
FN:13,(anonymous_2)
FN:24,(anonymous_3)
FN:27,(anonymous_4)
FNF:5
FNH:1
FNDA:1,(anonymous_0)
FNDA:0,(anonymous_1)
FNDA:0,(anonymous_2)
FNDA:0,(anonymous_3)
FNDA:0,(anonymous_4)
DA:1,1
DA:2,1
DA:3,1
DA:4,1
DA:6,1
DA:8,1
DA:9,1
DA:11,1
DA:12,0
DA:14,0
DA:15,0
DA:16,0
DA:21,0
DA:22,0
DA:23,0
DA:24,0
DA:27,1
DA:28,0
DA:29,0
DA:30,0
DA:32,0
DA:36,1
LF:22
LH:10
BRDA:14,0,0,0
BRDA:14,0,1,0
BRDA:15,1,0,0
BRDA:15,1,1,0
BRF:4
BRH:0
end_of_record
TN:
SF:/Users/danielcostagallo/Documents/curso_node/seubarriga/src/routes/balance.js
FN:3,(anonymous_0)
FN:6,(anonymous_1)
FN:8,(anonymous_2)
FN:9,(anonymous_3)
FNF:4
FNH:1
FNDA:1,(anonymous_0)
FNDA:0,(anonymous_1)
FNDA:0,(anonymous_2)
FNDA:0,(anonymous_3)
DA:1,1
DA:3,1
DA:4,1
DA:6,1
DA:7,0
DA:8,0
DA:9,0
DA:12,1
LF:8
LH:5
BRF:0
BRH:0
end_of_record
TN:
SF:/Users/danielcostagallo/Documents/curso_node/seubarriga/src/routes/transactions.js
FN:4,(anonymous_0)
FN:7,(anonymous_1)
FN:9,(anonymous_2)
FN:12,(anonymous_3)
FN:15,(anonymous_4)
FN:17,(anonymous_5)
FN:18,(anonymous_6)
FN:21,(anonymous_7)
FN:23,(anonymous_8)
FN:24,(anonymous_9)
FN:27,(anonymous_10)
FN:29,(anonymous_11)
FN:30,(anonymous_12)
FN:33,(anonymous_13)
FN:35,(anonymous_14)
FN:36,(anonymous_15)
FN:39,(anonymous_16)
FN:41,(anonymous_17)
FN:42,(anonymous_18)
FNF:19
FNH:1
FNDA:1,(anonymous_0)
FNDA:0,(anonymous_1)
FNDA:0,(anonymous_2)
FNDA:0,(anonymous_3)
FNDA:0,(anonymous_4)
FNDA:0,(anonymous_5)
FNDA:0,(anonymous_6)
FNDA:0,(anonymous_7)
FNDA:0,(anonymous_8)
FNDA:0,(anonymous_9)
FNDA:0,(anonymous_10)
FNDA:0,(anonymous_11)
FNDA:0,(anonymous_12)
FNDA:0,(anonymous_13)
FNDA:0,(anonymous_14)
FNDA:0,(anonymous_15)
FNDA:0,(anonymous_16)
FNDA:0,(anonymous_17)
FNDA:0,(anonymous_18)
DA:1,1
DA:2,1
DA:4,1
DA:5,1
DA:7,1
DA:8,0
DA:10,0
DA:11,0
DA:12,0
DA:15,1
DA:16,0
DA:17,0
DA:18,0
DA:21,1
DA:22,0
DA:23,0
DA:24,0
DA:27,1
DA:28,0
DA:29,0
DA:30,0
DA:33,1
DA:34,0
DA:35,0
DA:36,0
DA:39,1
DA:40,0
DA:41,0
DA:42,0
DA:45,1
LF:30
LH:11
BRDA:10,0,0,0
BRDA:10,0,1,0
BRF:2
BRH:0
end_of_record
TN:
SF:/Users/danielcostagallo/Documents/curso_node/seubarriga/src/routes/transfers.js
FN:4,(anonymous_0)
FN:7,(anonymous_1)
FN:9,(anonymous_2)
FN:14,(anonymous_3)
FN:17,(anonymous_4)
FN:19,(anonymous_5)
FN:20,(anonymous_6)
FN:23,(anonymous_7)
FN:25,(anonymous_8)
FN:26,(anonymous_9)
FN:29,(anonymous_10)
FN:32,(anonymous_11)
FN:33,(anonymous_12)
FN:36,(anonymous_13)
FN:38,(anonymous_14)
FN:39,(anonymous_15)
FN:42,(anonymous_16)
FN:44,(anonymous_17)
FN:45,(anonymous_18)
FN:48,(anonymous_19)
FN:50,(anonymous_20)
FN:51,(anonymous_21)
FNF:22
FNH:1
FNDA:1,(anonymous_0)
FNDA:0,(anonymous_1)
FNDA:0,(anonymous_2)
FNDA:0,(anonymous_3)
FNDA:0,(anonymous_4)
FNDA:0,(anonymous_5)
FNDA:0,(anonymous_6)
FNDA:0,(anonymous_7)
FNDA:0,(anonymous_8)
FNDA:0,(anonymous_9)
FNDA:0,(anonymous_10)
FNDA:0,(anonymous_11)
FNDA:0,(anonymous_12)
FNDA:0,(anonymous_13)
FNDA:0,(anonymous_14)
FNDA:0,(anonymous_15)
FNDA:0,(anonymous_16)
FNDA:0,(anonymous_17)
FNDA:0,(anonymous_18)
FNDA:0,(anonymous_19)
FNDA:0,(anonymous_20)
FNDA:0,(anonymous_21)
DA:1,1
DA:2,1
DA:4,1
DA:5,1
DA:7,1
DA:8,0
DA:10,0
DA:11,0
DA:13,0
DA:14,0
DA:17,1
DA:18,0
DA:19,0
DA:20,0
DA:23,1
DA:24,0
DA:25,0
DA:26,0
DA:29,1
DA:30,0
DA:31,0
DA:32,0
DA:33,0
DA:36,1
DA:37,0
DA:38,0
DA:39,0
DA:42,1
DA:43,0
DA:44,0
DA:45,0
DA:48,1
DA:49,0
DA:50,0
DA:51,0
DA:54,1
LF:36
LH:12
BRDA:10,0,0,0
BRDA:10,0,1,0
BRF:2
BRH:0
end_of_record
TN:
SF:/Users/danielcostagallo/Documents/curso_node/seubarriga/src/routes/users.js
FN:3,(anonymous_0)
FN:6,(anonymous_1)
FN:8,(anonymous_2)
FN:9,(anonymous_3)
FN:12,(anonymous_4)
FNF:5
FNH:4
FNDA:1,(anonymous_0)
FNDA:1,(anonymous_1)
FNDA:1,(anonymous_2)
FNDA:0,(anonymous_3)
FNDA:6,(anonymous_4)
DA:1,1
DA:3,1
DA:4,1
DA:6,1
DA:7,1
DA:8,1
DA:9,0
DA:12,1
DA:13,6
DA:14,6
DA:15,2
DA:17,4
DA:21,1
LF:13
LH:12
BRF:0
BRH:0
end_of_record
TN:
SF:/Users/danielcostagallo/Documents/curso_node/seubarriga/src/services/account.js
FN:3,(anonymous_0)
FN:4,(anonymous_1)
FN:8,(anonymous_2)
FN:12,(anonymous_3)
FN:21,(anonymous_4)
FN:27,(anonymous_5)
FNF:6
FNH:1
FNDA:1,(anonymous_0)
FNDA:0,(anonymous_1)
FNDA:0,(anonymous_2)
FNDA:0,(anonymous_3)
FNDA:0,(anonymous_4)
FNDA:0,(anonymous_5)
DA:1,1
DA:3,1
DA:4,1
DA:5,0
DA:8,1
DA:9,0
DA:12,1
DA:13,0
DA:15,0
DA:16,0
DA:18,0
DA:21,1
DA:22,0
DA:27,1
DA:28,0
DA:29,0
DA:31,0
DA:36,1
LF:18
LH:8
BRDA:8,0,0,0
BRDA:13,1,0,0
BRDA:13,1,1,0
BRDA:16,2,0,0
BRDA:16,2,1,0
BRDA:29,3,0,0
BRDA:29,3,1,0
BRF:7
BRH:0
end_of_record
TN:
SF:/Users/danielcostagallo/Documents/curso_node/seubarriga/src/services/balance.js
FN:1,(anonymous_0)
FN:2,(anonymous_1)
FNF:2
FNH:1
FNDA:1,(anonymous_0)
FNDA:0,(anonymous_1)
DA:1,1
DA:2,1
DA:3,0
DA:12,1
LF:4
LH:3
BRF:0
BRH:0
end_of_record
TN:
SF:/Users/danielcostagallo/Documents/curso_node/seubarriga/src/services/transaction.js
FN:3,(anonymous_0)
FN:4,(anonymous_1)
FN:12,(anonymous_2)
FN:18,(anonymous_3)
FN:36,(anonymous_4)
FN:42,(anonymous_5)
FNF:6
FNH:1
FNDA:1,(anonymous_0)
FNDA:0,(anonymous_1)
FNDA:0,(anonymous_2)
FNDA:0,(anonymous_3)
FNDA:0,(anonymous_4)
FNDA:0,(anonymous_5)
DA:1,1
DA:3,1
DA:4,1
DA:5,0
DA:12,1
DA:13,0
DA:18,1
DA:19,0
DA:20,0
DA:21,0
DA:22,0
DA:23,0
DA:24,0
DA:26,0
DA:27,0
DA:29,0
DA:32,0
DA:36,1
DA:37,0
DA:42,1
DA:43,0
DA:48,1
LF:22
LH:8
BRDA:4,0,0,0
BRDA:19,1,0,0
BRDA:19,1,1,0
BRDA:20,2,0,0
BRDA:20,2,1,0
BRDA:21,3,0,0
BRDA:21,3,1,0
BRDA:22,4,0,0
BRDA:22,4,1,0
BRDA:23,5,0,0
BRDA:23,5,1,0
BRDA:24,6,0,0
BRDA:24,6,1,0
BRDA:24,7,0,0
BRDA:24,7,1,0
BRDA:27,8,0,0
BRDA:27,8,1,0
BRDA:27,9,0,0
BRDA:27,9,1,0
BRDA:27,9,2,0
BRDA:27,9,3,0
BRF:21
BRH:0
end_of_record
TN:
SF:/Users/danielcostagallo/Documents/curso_node/seubarriga/src/services/transfer.js
FN:3,(anonymous_0)
FN:4,(anonymous_1)
FN:10,(anonymous_2)
FN:16,(anonymous_3)
FN:25,(anonymous_4)
FN:30,(anonymous_5)
FN:43,(anonymous_6)
FN:58,(anonymous_7)
FNF:8
FNH:1
FNDA:1,(anonymous_0)
FNDA:0,(anonymous_1)
FNDA:0,(anonymous_2)
FNDA:0,(anonymous_3)
FNDA:0,(anonymous_4)
FNDA:0,(anonymous_5)
FNDA:0,(anonymous_6)
FNDA:0,(anonymous_7)
DA:1,1
DA:3,1
DA:4,1
DA:5,0
DA:10,1
DA:11,0
DA:16,1
DA:17,0
DA:18,0
DA:19,0
DA:20,0
DA:21,0
DA:22,0
DA:24,0
DA:25,0
DA:26,0
DA:30,1
DA:31,0
DA:32,0
DA:34,0
DA:39,0
DA:40,0
DA:43,1
DA:44,0
DA:48,0
DA:53,0
DA:54,0
DA:55,0
DA:58,1
DA:59,0
DA:60,0
DA:63,1
LF:32
LH:9
BRDA:4,0,0,0
BRDA:10,1,0,0
BRDA:17,2,0,0
BRDA:17,2,1,0
BRDA:18,3,0,0
BRDA:18,3,1,0
BRDA:19,4,0,0
BRDA:19,4,1,0
BRDA:20,5,0,0
BRDA:20,5,1,0
BRDA:21,6,0,0
BRDA:21,6,1,0
BRDA:22,7,0,0
BRDA:22,7,1,0
BRDA:26,8,0,0
BRDA:26,8,1,0
BRF:16
BRH:0
end_of_record
TN:
SF:/Users/danielcostagallo/Documents/curso_node/seubarriga/src/services/user.js
FN:4,(anonymous_0)
FN:5,(anonymous_1)
FN:9,(anonymous_2)
FN:13,(anonymous_3)
FN:18,(anonymous_4)
FNF:5
FNH:5
FNDA:1,(anonymous_0)
FNDA:1,(anonymous_1)
FNDA:12,(anonymous_2)
FNDA:3,(anonymous_3)
FNDA:7,(anonymous_4)
DA:1,1
DA:2,1
DA:4,1
DA:5,1
DA:6,1
DA:9,1
DA:10,12
DA:13,1
DA:14,3
DA:15,3
DA:18,1
DA:19,7
DA:20,6
DA:21,5
DA:23,4
DA:24,4
DA:26,3
DA:27,3
DA:28,3
DA:31,1
LF:20
LH:20
BRDA:9,0,0,0
BRDA:19,1,0,1
BRDA:19,1,1,6
BRDA:20,2,0,1
BRDA:20,2,1,5
BRDA:21,3,0,1
BRDA:21,3,1,4
BRDA:24,4,0,1
BRDA:24,4,1,3
BRF:9
BRH:8
end_of_record
